<?xml version="1.0" encoding="UTF-8"?>
<testng-results skipped="0" failed="0" total="1" passed="1">
  <reporter-output>
  </reporter-output>
  <suite name="Default suite" duration-ms="320" started-at="2021-11-02T07:58:19Z" finished-at="2021-11-02T07:58:20Z">
    <groups>
      <group name="cucumber">
        <method signature="AbstractTestNGCucumberTests.feature(cucumber.api.testng.CucumberFeatureWrapper)[pri:0, instance:com.runner.TestRunner@769e7ee8]" name="feature" class="cucumber.api.testng.AbstractTestNGCucumberTests"/>
      </group> <!-- cucumber -->
    </groups>
    <test name="Default test" duration-ms="320" started-at="2021-11-02T07:58:19Z" finished-at="2021-11-02T07:58:20Z">
      <class name="com.runner.TestRunner">
        <test-method status="PASS" signature="setUpClass()[pri:0, instance:com.runner.TestRunner@769e7ee8]" name="setUpClass" is-config="true" duration-ms="160" started-at="2021-11-02T13:28:19Z" finished-at="2021-11-02T13:28:20Z">
          <reporter-output>
          </reporter-output>
        </test-method> <!-- setUpClass -->
        <test-method status="PASS" signature="feature(cucumber.api.testng.CucumberFeatureWrapper)[pri:0, instance:com.runner.TestRunner@769e7ee8]" name="feature" duration-ms="85" started-at="2021-11-02T13:28:20Z" description="Runs Cucumber Feature" data-provider="features" finished-at="2021-11-02T13:28:20Z">
          <params>
            <param index="0">
              <value>
                <![CDATA[Feature step]]>
              </value>
            </param>
          </params>
          <reporter-output>
          </reporter-output>
        </test-method> <!-- feature -->
        <test-method status="PASS" signature="tearDownClass()[pri:0, instance:com.runner.TestRunner@769e7ee8]" name="tearDownClass" is-config="true" duration-ms="8" started-at="2021-11-02T13:28:20Z" finished-at="2021-11-02T13:28:20Z">
          <reporter-output>
          </reporter-output>
        </test-method> <!-- tearDownClass -->
      </class> <!-- com.runner.TestRunner -->
    </test> <!-- Default test -->
  </suite> <!-- Default suite -->
</testng-results>
